{'loss': 2.1809, 'grad_norm': 0.6156721711158752, 'learning_rate': 0.00019942492012779554, 'num_tokens': 48219.0, 'mean_token_accuracy': 0.5197556924074889, 'epoch': 0.01}
{'loss': 2.1284, 'grad_norm': 0.3997593820095062, 'learning_rate': 0.00019878594249201278, 'num_tokens': 94371.0, 'mean_token_accuracy': 0.5274599008262157, 'epoch': 0.01}
{'loss': 2.1109, 'grad_norm': 0.3008216917514801, 'learning_rate': 0.00019814696485623002, 'num_tokens': 137418.0, 'mean_token_accuracy': 0.5279835060238838, 'epoch': 0.02}
{'loss': 2.0832, 'grad_norm': 0.3013686537742615, 'learning_rate': 0.0001975079872204473, 'num_tokens': 184517.0, 'mean_token_accuracy': 0.5359484698623419, 'epoch': 0.03}
{'loss': 2.0624, 'grad_norm': 0.3354646563529968, 'learning_rate': 0.00019686900958466454, 'num_tokens': 234392.0, 'mean_token_accuracy': 0.5321520589292049, 'epoch': 0.03}
{'loss': 2.0914, 'grad_norm': 0.34718191623687744, 'learning_rate': 0.0001962300319488818, 'num_tokens': 279629.0, 'mean_token_accuracy': 0.5302100647240877, 'epoch': 0.04}
{'loss': 2.0006, 'grad_norm': 0.3693579435348511, 'learning_rate': 0.00019559105431309905, 'num_tokens': 324908.0, 'mean_token_accuracy': 0.5490000359714031, 'epoch': 0.04}
{'loss': 2.04, 'grad_norm': 0.31376662850379944, 'learning_rate': 0.0001949520766773163, 'num_tokens': 370399.0, 'mean_token_accuracy': 0.5325623176991939, 'epoch': 0.05}
{'loss': 2.0567, 'grad_norm': 0.3148701786994934, 'learning_rate': 0.00019431309904153357, 'num_tokens': 413387.0, 'mean_token_accuracy': 0.531942592188716, 'epoch': 0.06}
{'loss': 2.0575, 'grad_norm': 0.3859931528568268, 'learning_rate': 0.0001936741214057508, 'num_tokens': 459612.0, 'mean_token_accuracy': 0.5316415693610906, 'epoch': 0.06}
{'loss': 1.9901, 'grad_norm': 0.3259885609149933, 'learning_rate': 0.00019303514376996806, 'num_tokens': 511353.0, 'mean_token_accuracy': 0.5429415762424469, 'epoch': 0.07}
{'loss': 1.9691, 'grad_norm': 0.2749011218547821, 'learning_rate': 0.00019239616613418533, 'num_tokens': 563856.0, 'mean_token_accuracy': 0.5463310044258833, 'epoch': 0.08}
{'loss': 1.9671, 'grad_norm': 0.3499273359775543, 'learning_rate': 0.00019175718849840257, 'num_tokens': 614841.0, 'mean_token_accuracy': 0.5503825582563877, 'epoch': 0.08}
{'loss': 2.0194, 'grad_norm': 0.32040297985076904, 'learning_rate': 0.00019111821086261981, 'num_tokens': 666271.0, 'mean_token_accuracy': 0.5452202931046486, 'epoch': 0.09}
{'loss': 1.9897, 'grad_norm': 0.31219688057899475, 'learning_rate': 0.00019047923322683708, 'num_tokens': 712075.0, 'mean_token_accuracy': 0.5442601103335619, 'epoch': 0.1}
{'loss': 2.0082, 'grad_norm': 0.3087226152420044, 'learning_rate': 0.00018984025559105433, 'num_tokens': 762260.0, 'mean_token_accuracy': 0.549970580264926, 'epoch': 0.1}
{'loss': 2.0187, 'grad_norm': 0.3259194493293762, 'learning_rate': 0.00018920127795527157, 'num_tokens': 809851.0, 'mean_token_accuracy': 0.5391175754368305, 'epoch': 0.11}
{'loss': 1.9505, 'grad_norm': 0.2708086371421814, 'learning_rate': 0.00018856230031948882, 'num_tokens': 859813.0, 'mean_token_accuracy': 0.5578360170125961, 'epoch': 0.11}
{'loss': 1.9669, 'grad_norm': 0.28923794627189636, 'learning_rate': 0.00018792332268370606, 'num_tokens': 907884.0, 'mean_token_accuracy': 0.5470536597073078, 'epoch': 0.12}
{'loss': 1.9915, 'grad_norm': 0.43087732791900635, 'learning_rate': 0.00018728434504792333, 'num_tokens': 958004.0, 'mean_token_accuracy': 0.5518392521888018, 'epoch': 0.13}
{'loss': 2.0299, 'grad_norm': 0.3963278830051422, 'learning_rate': 0.00018664536741214057, 'num_tokens': 1005941.0, 'mean_token_accuracy': 0.5436241645365953, 'epoch': 0.13}
{'loss': 1.9695, 'grad_norm': 0.3429848849773407, 'learning_rate': 0.00018600638977635782, 'num_tokens': 1049071.0, 'mean_token_accuracy': 0.551265749335289, 'epoch': 0.14}
{'loss': 2.0179, 'grad_norm': 0.39248642325401306, 'learning_rate': 0.0001853674121405751, 'num_tokens': 1093166.0, 'mean_token_accuracy': 0.5405665501952172, 'epoch': 0.15}
{'loss': 2.0247, 'grad_norm': 0.3318970799446106, 'learning_rate': 0.00018472843450479233, 'num_tokens': 1139544.0, 'mean_token_accuracy': 0.5406467817723751, 'epoch': 0.15}
{'loss': 1.9784, 'grad_norm': 0.4058300256729126, 'learning_rate': 0.0001840894568690096, 'num_tokens': 1185352.0, 'mean_token_accuracy': 0.5439526349306106, 'epoch': 0.16}
{'loss': 1.9308, 'grad_norm': 0.2849539816379547, 'learning_rate': 0.00018345047923322685, 'num_tokens': 1228948.0, 'mean_token_accuracy': 0.5501626502722502, 'epoch': 0.17}
{'loss': 1.9434, 'grad_norm': 0.37811607122421265, 'learning_rate': 0.0001828115015974441, 'num_tokens': 1276502.0, 'mean_token_accuracy': 0.5563449900597334, 'epoch': 0.17}
{'loss': 1.9617, 'grad_norm': 0.2898208498954773, 'learning_rate': 0.00018217252396166136, 'num_tokens': 1327695.0, 'mean_token_accuracy': 0.5465839561074972, 'epoch': 0.18}
{'loss': 1.9948, 'grad_norm': 0.3854784369468689, 'learning_rate': 0.0001815335463258786, 'num_tokens': 1376205.0, 'mean_token_accuracy': 0.5397993918508291, 'epoch': 0.19}
{'loss': 1.909, 'grad_norm': 0.46007511019706726, 'learning_rate': 0.00018089456869009585, 'num_tokens': 1420927.0, 'mean_token_accuracy': 0.5571802090853453, 'epoch': 0.19}
{'loss': 2.0402, 'grad_norm': 0.33225932717323303, 'learning_rate': 0.00018025559105431312, 'num_tokens': 1467993.0, 'mean_token_accuracy': 0.5333844490349293, 'epoch': 0.2}
{'loss': 1.8807, 'grad_norm': 0.4512224495410919, 'learning_rate': 0.00017961661341853036, 'num_tokens': 1518479.0, 'mean_token_accuracy': 0.5682483378797769, 'epoch': 0.2}
{'loss': 1.9773, 'grad_norm': 0.40790262818336487, 'learning_rate': 0.00017897763578274763, 'num_tokens': 1563930.0, 'mean_token_accuracy': 0.5502435121685266, 'epoch': 0.21}
{'loss': 1.9609, 'grad_norm': 0.4355815649032593, 'learning_rate': 0.00017833865814696488, 'num_tokens': 1613585.0, 'mean_token_accuracy': 0.5563967891037465, 'epoch': 0.22}
{'loss': 2.0143, 'grad_norm': 0.2780120074748993, 'learning_rate': 0.00017769968051118212, 'num_tokens': 1664787.0, 'mean_token_accuracy': 0.5382689822465181, 'epoch': 0.22}
{'loss': 1.9113, 'grad_norm': 0.37624141573905945, 'learning_rate': 0.00017706070287539936, 'num_tokens': 1712722.0, 'mean_token_accuracy': 0.5562968403100967, 'epoch': 0.23}
{'loss': 1.9252, 'grad_norm': 0.3558845520019531, 'learning_rate': 0.0001764217252396166, 'num_tokens': 1761025.0, 'mean_token_accuracy': 0.564902413636446, 'epoch': 0.24}
{'loss': 1.9107, 'grad_norm': 0.30859798192977905, 'learning_rate': 0.00017578274760383385, 'num_tokens': 1812804.0, 'mean_token_accuracy': 0.551648560166359, 'epoch': 0.24}
{'loss': 1.9691, 'grad_norm': 0.39712920784950256, 'learning_rate': 0.00017514376996805112, 'num_tokens': 1864103.0, 'mean_token_accuracy': 0.5445045970380307, 'epoch': 0.25}
{'loss': 1.9069, 'grad_norm': 0.3233296573162079, 'learning_rate': 0.00017450479233226837, 'num_tokens': 1920691.0, 'mean_token_accuracy': 0.5578960854560137, 'epoch': 0.26}
{'loss': 1.9827, 'grad_norm': 0.3136177957057953, 'learning_rate': 0.00017386581469648564, 'num_tokens': 1966605.0, 'mean_token_accuracy': 0.5451041612774133, 'epoch': 0.26}
{'loss': 1.9265, 'grad_norm': 0.37794288992881775, 'learning_rate': 0.00017322683706070288, 'num_tokens': 2014292.0, 'mean_token_accuracy': 0.5548366021364928, 'epoch': 0.27}
{'loss': 1.9701, 'grad_norm': 0.40593403577804565, 'learning_rate': 0.00017258785942492013, 'num_tokens': 2063343.0, 'mean_token_accuracy': 0.5520790740847588, 'epoch': 0.27}
{'loss': 1.9662, 'grad_norm': 0.36406734585762024, 'learning_rate': 0.0001719488817891374, 'num_tokens': 2113261.0, 'mean_token_accuracy': 0.5566910047084093, 'epoch': 0.28}
{'loss': 1.9609, 'grad_norm': 0.3964926302433014, 'learning_rate': 0.00017130990415335464, 'num_tokens': 2158212.0, 'mean_token_accuracy': 0.5470491297543049, 'epoch': 0.29}
{'loss': 2.0703, 'grad_norm': 0.39949917793273926, 'learning_rate': 0.00017067092651757188, 'num_tokens': 2208904.0, 'mean_token_accuracy': 0.5362472929060459, 'epoch': 0.29}
{'loss': 1.9056, 'grad_norm': 0.3578309118747711, 'learning_rate': 0.00017003194888178915, 'num_tokens': 2258772.0, 'mean_token_accuracy': 0.5542032573372125, 'epoch': 0.3}
{'loss': 1.8973, 'grad_norm': 0.3913506865501404, 'learning_rate': 0.0001693929712460064, 'num_tokens': 2305423.0, 'mean_token_accuracy': 0.5589011993259192, 'epoch': 0.31}
{'loss': 1.8733, 'grad_norm': 0.40189725160598755, 'learning_rate': 0.00016875399361022367, 'num_tokens': 2351626.0, 'mean_token_accuracy': 0.5646767262369394, 'epoch': 0.31}
{'loss': 1.9244, 'grad_norm': 0.4453035593032837, 'learning_rate': 0.0001681150159744409, 'num_tokens': 2402046.0, 'mean_token_accuracy': 0.5608567759394646, 'epoch': 0.32}
{'loss': 1.8828, 'grad_norm': 0.3403949737548828, 'learning_rate': 0.00016747603833865816, 'num_tokens': 2452266.0, 'mean_token_accuracy': 0.5662267602980137, 'epoch': 0.33}
{'loss': 1.9042, 'grad_norm': 0.3882763683795929, 'learning_rate': 0.00016683706070287543, 'num_tokens': 2497983.0, 'mean_token_accuracy': 0.5623851343989372, 'epoch': 0.33}
{'loss': 2.0, 'grad_norm': 0.3427468240261078, 'learning_rate': 0.00016619808306709267, 'num_tokens': 2545537.0, 'mean_token_accuracy': 0.5439657516777515, 'epoch': 0.34}
{'loss': 1.9003, 'grad_norm': 0.3868141174316406, 'learning_rate': 0.00016555910543130991, 'num_tokens': 2591657.0, 'mean_token_accuracy': 0.5610364377498627, 'epoch': 0.34}
{'loss': 1.9425, 'grad_norm': 0.38068509101867676, 'learning_rate': 0.00016492012779552716, 'num_tokens': 2640367.0, 'mean_token_accuracy': 0.5563722617924214, 'epoch': 0.35}
{'loss': 1.8869, 'grad_norm': 0.3967716693878174, 'learning_rate': 0.0001642811501597444, 'num_tokens': 2687186.0, 'mean_token_accuracy': 0.5654933657497168, 'epoch': 0.36}
{'loss': 1.9145, 'grad_norm': 0.37257298827171326, 'learning_rate': 0.00016364217252396167, 'num_tokens': 2733415.0, 'mean_token_accuracy': 0.5526157498359681, 'epoch': 0.36}
{'loss': 1.9406, 'grad_norm': 0.43297016620635986, 'learning_rate': 0.00016300319488817892, 'num_tokens': 2782044.0, 'mean_token_accuracy': 0.5522314503788948, 'epoch': 0.37}
{'loss': 1.8918, 'grad_norm': 0.5217576622962952, 'learning_rate': 0.00016236421725239616, 'num_tokens': 2826465.0, 'mean_token_accuracy': 0.5642904609441757, 'epoch': 0.38}
{'loss': 1.882, 'grad_norm': 0.4210253059864044, 'learning_rate': 0.00016172523961661343, 'num_tokens': 2871259.0, 'mean_token_accuracy': 0.5570714998990297, 'epoch': 0.38}
{'loss': 1.9726, 'grad_norm': 0.3716197907924652, 'learning_rate': 0.00016108626198083067, 'num_tokens': 2915767.0, 'mean_token_accuracy': 0.5438563477247953, 'epoch': 0.39}
{'loss': 1.9912, 'grad_norm': 0.45296943187713623, 'learning_rate': 0.00016044728434504792, 'num_tokens': 2961358.0, 'mean_token_accuracy': 0.5453631460666657, 'epoch': 0.4}
{'loss': 2.003, 'grad_norm': 0.3617149889469147, 'learning_rate': 0.0001598083067092652, 'num_tokens': 3005417.0, 'mean_token_accuracy': 0.5400592781603336, 'epoch': 0.4}
{'loss': 1.9496, 'grad_norm': 0.3926534950733185, 'learning_rate': 0.00015916932907348243, 'num_tokens': 3056226.0, 'mean_token_accuracy': 0.5519296944141387, 'epoch': 0.41}
{'loss': 1.9359, 'grad_norm': 0.34874778985977173, 'learning_rate': 0.0001585303514376997, 'num_tokens': 3100615.0, 'mean_token_accuracy': 0.5500302717089653, 'epoch': 0.42}
{'loss': 1.8239, 'grad_norm': 0.38432037830352783, 'learning_rate': 0.00015789137380191695, 'num_tokens': 3151646.0, 'mean_token_accuracy': 0.576343298703432, 'epoch': 0.42}
{'loss': 2.0205, 'grad_norm': 0.46318376064300537, 'learning_rate': 0.0001572523961661342, 'num_tokens': 3196342.0, 'mean_token_accuracy': 0.5422078873962164, 'epoch': 0.43}
{'loss': 1.8656, 'grad_norm': 0.499625027179718, 'learning_rate': 0.00015661341853035146, 'num_tokens': 3249119.0, 'mean_token_accuracy': 0.5644847806543112, 'epoch': 0.43}
{'loss': 1.9403, 'grad_norm': 0.43956390023231506, 'learning_rate': 0.0001559744408945687, 'num_tokens': 3296357.0, 'mean_token_accuracy': 0.5501295618712903, 'epoch': 0.44}
{'loss': 1.9618, 'grad_norm': 0.3886701762676239, 'learning_rate': 0.00015539936102236423, 'num_tokens': 3344599.0, 'mean_token_accuracy': 0.5486609034240246, 'epoch': 0.45}
{'loss': 1.86, 'grad_norm': 0.37901580333709717, 'learning_rate': 0.00015476038338658148, 'num_tokens': 3398058.0, 'mean_token_accuracy': 0.5746704746037722, 'epoch': 0.45}
{'loss': 1.8097, 'grad_norm': 0.3442157804965973, 'learning_rate': 0.00015412140575079872, 'num_tokens': 3447624.0, 'mean_token_accuracy': 0.5797144118696451, 'epoch': 0.46}
{'loss': 1.8931, 'grad_norm': 0.4084652066230774, 'learning_rate': 0.000153482428115016, 'num_tokens': 3496048.0, 'mean_token_accuracy': 0.5717855121940374, 'epoch': 0.47}
{'loss': 1.8672, 'grad_norm': 0.3805135190486908, 'learning_rate': 0.00015284345047923323, 'num_tokens': 3542377.0, 'mean_token_accuracy': 0.5639291234314442, 'epoch': 0.47}
{'loss': 1.9785, 'grad_norm': 0.3991599678993225, 'learning_rate': 0.0001522044728434505, 'num_tokens': 3584604.0, 'mean_token_accuracy': 0.5518564973026514, 'epoch': 0.48}
{'loss': 1.9154, 'grad_norm': 0.40967458486557007, 'learning_rate': 0.00015156549520766775, 'num_tokens': 3633972.0, 'mean_token_accuracy': 0.5574995968490839, 'epoch': 0.49}
{'loss': 1.9179, 'grad_norm': 0.4044936001300812, 'learning_rate': 0.000150926517571885, 'num_tokens': 3681113.0, 'mean_token_accuracy': 0.5545543119311332, 'epoch': 0.49}
{'loss': 1.9609, 'grad_norm': 0.38959768414497375, 'learning_rate': 0.00015028753993610226, 'num_tokens': 3723801.0, 'mean_token_accuracy': 0.5541139550507068, 'epoch': 0.5}
{'loss': 1.9857, 'grad_norm': 0.42980992794036865, 'learning_rate': 0.0001496485623003195, 'num_tokens': 3770492.0, 'mean_token_accuracy': 0.5540492862462998, 'epoch': 0.5}
{'loss': 1.8729, 'grad_norm': 0.4723327159881592, 'learning_rate': 0.00014900958466453675, 'num_tokens': 3817284.0, 'mean_token_accuracy': 0.5661238465458155, 'epoch': 0.51}
{'loss': 1.9071, 'grad_norm': 0.38987281918525696, 'learning_rate': 0.000148370607028754, 'num_tokens': 3862757.0, 'mean_token_accuracy': 0.5539937753230333, 'epoch': 0.52}
{'loss': 1.9469, 'grad_norm': 0.5142383575439453, 'learning_rate': 0.00014773162939297124, 'num_tokens': 3913882.0, 'mean_token_accuracy': 0.5489549051970244, 'epoch': 0.52}
{'loss': 1.9319, 'grad_norm': 0.4178994596004486, 'learning_rate': 0.0001470926517571885, 'num_tokens': 3963263.0, 'mean_token_accuracy': 0.5491604205220938, 'epoch': 0.53}
{'loss': 1.8151, 'grad_norm': 0.4231141209602356, 'learning_rate': 0.00014645367412140575, 'num_tokens': 4011230.0, 'mean_token_accuracy': 0.5799132209271193, 'epoch': 0.54}
{'loss': 1.9022, 'grad_norm': 0.4049544632434845, 'learning_rate': 0.000145814696485623, 'num_tokens': 4058738.0, 'mean_token_accuracy': 0.5605381526052952, 'epoch': 0.54}
{'loss': 1.8729, 'grad_norm': 0.5770047903060913, 'learning_rate': 0.00014517571884984027, 'num_tokens': 4102538.0, 'mean_token_accuracy': 0.5685241363942624, 'epoch': 0.55}
{'loss': 1.9755, 'grad_norm': 0.402593195438385, 'learning_rate': 0.0001445367412140575, 'num_tokens': 4147647.0, 'mean_token_accuracy': 0.5481130037456751, 'epoch': 0.56}
{'loss': 1.9281, 'grad_norm': 0.4428281784057617, 'learning_rate': 0.00014389776357827476, 'num_tokens': 4190200.0, 'mean_token_accuracy': 0.5518494427204133, 'epoch': 0.56}
{'loss': 1.9316, 'grad_norm': 0.3767680823802948, 'learning_rate': 0.00014325878594249203, 'num_tokens': 4241263.0, 'mean_token_accuracy': 0.5496070649474859, 'epoch': 0.57}
{'loss': 1.8757, 'grad_norm': 0.5367105007171631, 'learning_rate': 0.00014261980830670927, 'num_tokens': 4288789.0, 'mean_token_accuracy': 0.5641934588551522, 'epoch': 0.57}
{'loss': 1.7442, 'grad_norm': 0.4509556293487549, 'learning_rate': 0.00014198083067092654, 'num_tokens': 4342896.0, 'mean_token_accuracy': 0.5785732734948397, 'epoch': 0.58}
{'loss': 1.9281, 'grad_norm': 0.4330180883407593, 'learning_rate': 0.00014134185303514378, 'num_tokens': 4394264.0, 'mean_token_accuracy': 0.5504417829215527, 'epoch': 0.59}
{'loss': 1.8991, 'grad_norm': 0.41428542137145996, 'learning_rate': 0.00014070287539936103, 'num_tokens': 4438820.0, 'mean_token_accuracy': 0.559084964543581, 'epoch': 0.59}
{'loss': 1.9317, 'grad_norm': 0.47379547357559204, 'learning_rate': 0.0001400638977635783, 'num_tokens': 4482627.0, 'mean_token_accuracy': 0.5473998136818409, 'epoch': 0.6}
{'loss': 1.8729, 'grad_norm': 0.4465569853782654, 'learning_rate': 0.00013942492012779554, 'num_tokens': 4532541.0, 'mean_token_accuracy': 0.563121535629034, 'epoch': 0.61}
{'loss': 1.8781, 'grad_norm': 0.6005656719207764, 'learning_rate': 0.00013878594249201279, 'num_tokens': 4578064.0, 'mean_token_accuracy': 0.5642558868974448, 'epoch': 0.61}
{'loss': 1.8786, 'grad_norm': 0.43018171191215515, 'learning_rate': 0.00013814696485623006, 'num_tokens': 4628043.0, 'mean_token_accuracy': 0.5617994338274002, 'epoch': 0.62}
{'loss': 1.903, 'grad_norm': 0.3930593430995941, 'learning_rate': 0.0001375079872204473, 'num_tokens': 4676053.0, 'mean_token_accuracy': 0.5645232606679201, 'epoch': 0.63}
{'loss': 1.9001, 'grad_norm': 0.42995166778564453, 'learning_rate': 0.00013686900958466454, 'num_tokens': 4720640.0, 'mean_token_accuracy': 0.5622841659933329, 'epoch': 0.63}
{'loss': 1.858, 'grad_norm': 0.5058533549308777, 'learning_rate': 0.0001362300319488818, 'num_tokens': 4766199.0, 'mean_token_accuracy': 0.5639156762510538, 'epoch': 0.64}
{'loss': 1.9098, 'grad_norm': 0.45291033387184143, 'learning_rate': 0.00013559105431309903, 'num_tokens': 4814703.0, 'mean_token_accuracy': 0.5604999680072069, 'epoch': 0.65}
{'loss': 1.8425, 'grad_norm': 0.5220786929130554, 'learning_rate': 0.0001349520766773163, 'num_tokens': 4863296.0, 'mean_token_accuracy': 0.5648720312863589, 'epoch': 0.65}
{'loss': 1.8831, 'grad_norm': 0.5470423102378845, 'learning_rate': 0.00013431309904153355, 'num_tokens': 4910033.0, 'mean_token_accuracy': 0.5668600022792816, 'epoch': 0.66}
{'loss': 1.8283, 'grad_norm': 0.5289440751075745, 'learning_rate': 0.0001336741214057508, 'num_tokens': 4960097.0, 'mean_token_accuracy': 0.568319433927536, 'epoch': 0.66}
{'loss': 1.8796, 'grad_norm': 0.41128936409950256, 'learning_rate': 0.00013303514376996806, 'num_tokens': 5012472.0, 'mean_token_accuracy': 0.5621718693524599, 'epoch': 0.67}
{'loss': 1.8468, 'grad_norm': 0.49967360496520996, 'learning_rate': 0.0001323961661341853, 'num_tokens': 5059726.0, 'mean_token_accuracy': 0.57191431671381, 'epoch': 0.68}
{'loss': 1.8527, 'grad_norm': 0.3646267354488373, 'learning_rate': 0.00013175718849840258, 'num_tokens': 5109631.0, 'mean_token_accuracy': 0.5768836554139852, 'epoch': 0.68}
{'loss': 1.8134, 'grad_norm': 0.5765165686607361, 'learning_rate': 0.00013111821086261982, 'num_tokens': 5159483.0, 'mean_token_accuracy': 0.5741883918642998, 'epoch': 0.69}
{'loss': 1.8845, 'grad_norm': 0.4233798384666443, 'learning_rate': 0.00013047923322683706, 'num_tokens': 5205983.0, 'mean_token_accuracy': 0.5601984664797783, 'epoch': 0.7}
{'loss': 1.8997, 'grad_norm': 0.5196613669395447, 'learning_rate': 0.00012984025559105433, 'num_tokens': 5250516.0, 'mean_token_accuracy': 0.564828434959054, 'epoch': 0.7}
{'loss': 1.827, 'grad_norm': 0.6161539554595947, 'learning_rate': 0.00012920127795527158, 'num_tokens': 5296595.0, 'mean_token_accuracy': 0.5755222186446189, 'epoch': 0.71}
{'loss': 1.9154, 'grad_norm': 0.5675673484802246, 'learning_rate': 0.00012856230031948882, 'num_tokens': 5344333.0, 'mean_token_accuracy': 0.5696074020117521, 'epoch': 0.72}
{'loss': 1.8448, 'grad_norm': 0.5397666096687317, 'learning_rate': 0.0001279233226837061, 'num_tokens': 5394481.0, 'mean_token_accuracy': 0.5722277142107487, 'epoch': 0.72}
{'loss': 1.9001, 'grad_norm': 0.4538753628730774, 'learning_rate': 0.00012728434504792334, 'num_tokens': 5444285.0, 'mean_token_accuracy': 0.5557464711368084, 'epoch': 0.73}
{'loss': 1.8592, 'grad_norm': 0.6128950119018555, 'learning_rate': 0.00012664536741214058, 'num_tokens': 5496701.0, 'mean_token_accuracy': 0.5634085979312659, 'epoch': 0.73}
{'loss': 1.8493, 'grad_norm': 0.4544477164745331, 'learning_rate': 0.00012600638977635782, 'num_tokens': 5544421.0, 'mean_token_accuracy': 0.5705675557255745, 'epoch': 0.74}
{'loss': 1.7806, 'grad_norm': 0.45265552401542664, 'learning_rate': 0.0001253674121405751, 'num_tokens': 5592909.0, 'mean_token_accuracy': 0.5769325111061334, 'epoch': 0.75}
{'loss': 1.9195, 'grad_norm': 0.47299471497535706, 'learning_rate': 0.00012472843450479234, 'num_tokens': 5640416.0, 'mean_token_accuracy': 0.5560034457594156, 'epoch': 0.75}
{'loss': 1.8628, 'grad_norm': 0.5045427083969116, 'learning_rate': 0.00012408945686900958, 'num_tokens': 5687854.0, 'mean_token_accuracy': 0.5550633609294892, 'epoch': 0.76}
{'loss': 1.9034, 'grad_norm': 0.4926207363605499, 'learning_rate': 0.00012345047923322682, 'num_tokens': 5733376.0, 'mean_token_accuracy': 0.5587016459554434, 'epoch': 0.77}
{'loss': 1.8231, 'grad_norm': 0.6368642449378967, 'learning_rate': 0.0001228115015974441, 'num_tokens': 5784735.0, 'mean_token_accuracy': 0.5707058869302273, 'epoch': 0.77}
{'loss': 1.862, 'grad_norm': 0.6066899299621582, 'learning_rate': 0.00012217252396166134, 'num_tokens': 5833178.0, 'mean_token_accuracy': 0.5650562841445208, 'epoch': 0.78}
{'loss': 1.8308, 'grad_norm': 0.4313048720359802, 'learning_rate': 0.00012153354632587861, 'num_tokens': 5882338.0, 'mean_token_accuracy': 0.5775500107556581, 'epoch': 0.79}
{'loss': 1.8237, 'grad_norm': 0.5702696442604065, 'learning_rate': 0.00012089456869009585, 'num_tokens': 5930729.0, 'mean_token_accuracy': 0.5785789586603641, 'epoch': 0.79}
{'loss': 1.8847, 'grad_norm': 0.5375025868415833, 'learning_rate': 0.0001202555910543131, 'num_tokens': 5980468.0, 'mean_token_accuracy': 0.5571567293256521, 'epoch': 0.8}
{'loss': 1.8877, 'grad_norm': 0.4772287607192993, 'learning_rate': 0.00011961661341853037, 'num_tokens': 6024959.0, 'mean_token_accuracy': 0.5606591083109379, 'epoch': 0.8}
{'loss': 1.773, 'grad_norm': 0.5450535416603088, 'learning_rate': 0.00011897763578274761, 'num_tokens': 6067735.0, 'mean_token_accuracy': 0.5776734482496977, 'epoch': 0.81}
{'loss': 1.7553, 'grad_norm': 0.4472782611846924, 'learning_rate': 0.00011833865814696486, 'num_tokens': 6116260.0, 'mean_token_accuracy': 0.5874046206474304, 'epoch': 0.82}                                       
{'loss': 1.9082, 'grad_norm': 1.4182730913162231, 'learning_rate': 0.00011769968051118213, 'num_tokens': 6164200.0, 'mean_token_accuracy': 0.5621586628258228, 'epoch': 0.82}                                       
{'loss': 1.8913, 'grad_norm': 0.5901714563369751, 'learning_rate': 0.00011706070287539937, 'num_tokens': 6212163.0, 'mean_token_accuracy': 0.5669066146016121, 'epoch': 0.83}                                       
{'loss': 1.9114, 'grad_norm': 0.5356231927871704, 'learning_rate': 0.00011642172523961661, 'num_tokens': 6265806.0, 'mean_token_accuracy': 0.5637934088706971, 'epoch': 0.84}                                       
{'loss': 1.8174, 'grad_norm': 0.712737500667572, 'learning_rate': 0.00011578274760383387, 'num_tokens': 6315519.0, 'mean_token_accuracy': 0.5749577295035124, 'epoch': 0.84}                                        
{'loss': 1.8764, 'grad_norm': 0.6410147547721863, 'learning_rate': 0.00011514376996805111, 'num_tokens': 6357812.0, 'mean_token_accuracy': 0.5742911763489247, 'epoch': 0.85}                                       
{'loss': 1.9344, 'grad_norm': 0.5173567533493042, 'learning_rate': 0.00011450479233226839, 'num_tokens': 6407572.0, 'mean_token_accuracy': 0.5585176005959511, 'epoch': 0.86}                                       
{'loss': 1.8354, 'grad_norm': 0.5888490676879883, 'learning_rate': 0.00011386581469648563, 'num_tokens': 6454337.0, 'mean_token_accuracy': 0.56231001727283, 'epoch': 0.86}                                         
{'loss': 1.7797, 'grad_norm': 0.6350537538528442, 'learning_rate': 0.00011322683706070287, 'num_tokens': 6496322.0, 'mean_token_accuracy': 0.5818699713796377, 'epoch': 0.87}                                       
{'loss': 1.6764, 'grad_norm': 0.573505699634552, 'learning_rate': 0.00011258785942492014, 'num_tokens': 6545347.0, 'mean_token_accuracy': 0.5976005580276251, 'epoch': 0.88}                                        
{'loss': 1.7929, 'grad_norm': 0.5908903479576111, 'learning_rate': 0.00011194888178913739, 'num_tokens': 6590976.0, 'mean_token_accuracy': 0.5756585694849491, 'epoch': 0.88}                                       
{'loss': 1.9619, 'grad_norm': 0.5662746429443359, 'learning_rate': 0.00011130990415335463, 'num_tokens': 6633712.0, 'mean_token_accuracy': 0.5586860056966543, 'epoch': 0.89}                                       
{'loss': 1.8717, 'grad_norm': 0.6871713995933533, 'learning_rate': 0.00011067092651757189, 'num_tokens': 6677502.0, 'mean_token_accuracy': 0.5622091945260763, 'epoch': 0.89}                                       
{'loss': 1.7466, 'grad_norm': 0.4737284779548645, 'learning_rate': 0.00011003194888178913, 'num_tokens': 6725664.0, 'mean_token_accuracy': 0.5923299547284842, 'epoch': 0.9}                                        
{'loss': 1.914, 'grad_norm': 0.5900627374649048, 'learning_rate': 0.0001093929712460064, 'num_tokens': 6771908.0, 'mean_token_accuracy': 0.5614359747618437, 'epoch': 0.91}                                         
{'loss': 1.7999, 'grad_norm': 0.5360304117202759, 'learning_rate': 0.00010875399361022365, 'num_tokens': 6823876.0, 'mean_token_accuracy': 0.57262011654675, 'epoch': 0.91}                                         
{'loss': 1.8536, 'grad_norm': 0.6307269930839539, 'learning_rate': 0.00010811501597444089, 'num_tokens': 6867742.0, 'mean_token_accuracy': 0.5708359189331531, 'epoch': 0.92}                                       
{'loss': 1.7427, 'grad_norm': 0.810677170753479, 'learning_rate': 0.00010747603833865816, 'num_tokens': 6919916.0, 'mean_token_accuracy': 0.5866139605641365, 'epoch': 0.93}                                        
{'loss': 1.8383, 'grad_norm': 0.5710237622261047, 'learning_rate': 0.0001068370607028754, 'num_tokens': 6966187.0, 'mean_token_accuracy': 0.5722699478268624, 'epoch': 0.93}                                        
{'loss': 1.8972, 'grad_norm': 0.5810501575469971, 'learning_rate': 0.00010619808306709265, 'num_tokens': 7017568.0, 'mean_token_accuracy': 0.5522520586848259, 'epoch': 0.94}                                       
{'loss': 1.7942, 'grad_norm': 0.5966590046882629, 'learning_rate': 0.0001055591054313099, 'num_tokens': 7074074.0, 'mean_token_accuracy': 0.5756719052791596, 'epoch': 0.95}                                        
{'loss': 1.8572, 'grad_norm': 0.5283006429672241, 'learning_rate': 0.00010492012779552716, 'num_tokens': 7120583.0, 'mean_token_accuracy': 0.568283824622631, 'epoch': 0.95}                                        
{'loss': 1.8002, 'grad_norm': 0.5793346166610718, 'learning_rate': 0.00010428115015974442, 'num_tokens': 7175601.0, 'mean_token_accuracy': 0.5766288172453642, 'epoch': 0.96}                                       
{'loss': 1.8362, 'grad_norm': 0.49002012610435486, 'learning_rate': 0.00010364217252396166, 'num_tokens': 7221591.0, 'mean_token_accuracy': 0.5702353116124869, 'epoch': 0.96}                                      
{'loss': 1.8525, 'grad_norm': 0.6904892325401306, 'learning_rate': 0.00010300319488817891, 'num_tokens': 7264301.0, 'mean_token_accuracy': 0.5721655763685703, 'epoch': 0.97}                                       
{'loss': 1.9046, 'grad_norm': 0.5494373440742493, 'learning_rate': 0.00010236421725239618, 'num_tokens': 7308739.0, 'mean_token_accuracy': 0.563755601271987, 'epoch': 0.98}                                        
{'loss': 1.8923, 'grad_norm': 0.6618128418922424, 'learning_rate': 0.00010172523961661342, 'num_tokens': 7356697.0, 'mean_token_accuracy': 0.5642738454043865, 'epoch': 0.98}                                       
{'loss': 1.852, 'grad_norm': 0.5329294800758362, 'learning_rate': 0.00010108626198083067, 'num_tokens': 7402515.0, 'mean_token_accuracy': 0.5675657220184803, 'epoch': 0.99}                                        
{'loss': 1.8029, 'grad_norm': 0.5247017741203308, 'learning_rate': 0.00010044728434504794, 'num_tokens': 7461530.0, 'mean_token_accuracy': 0.571594588086009, 'epoch': 1.0}                                         
{'eval_loss': 1.8016008138656616, 'eval_runtime': 229.0381, 'eval_samples_per_second': 5.759, 'eval_steps_per_second': 0.72, 'eval_num_tokens': 7483694.0, 'eval_mean_token_accuracy': 0.5847362101078033, 'epoch': 1.0}                                                                                                                                                                                                                
{'loss': 1.7857, 'grad_norm': 0.5657978653907776, 'learning_rate': 9.980830670926518e-05, 'num_tokens': 7502942.0, 'mean_token_accuracy': 0.5751904182528195, 'epoch': 1.0}                                         
{'loss': 1.752, 'grad_norm': 0.6182658076286316, 'learning_rate': 9.916932907348242e-05, 'num_tokens': 7547089.0, 'mean_token_accuracy': 0.5812284398823977, 'epoch': 1.01}                                         
{'loss': 1.8059, 'grad_norm': 0.5362823009490967, 'learning_rate': 9.853035143769968e-05, 'num_tokens': 7597731.0, 'mean_token_accuracy': 0.5759003020823001, 'epoch': 1.02}                                        
{'loss': 1.6833, 'grad_norm': 0.7118277549743652, 'learning_rate': 9.789137380191694e-05, 'num_tokens': 7643545.0, 'mean_token_accuracy': 0.5941160526126623, 'epoch': 1.02}                                        
{'loss': 1.6527, 'grad_norm': 0.6298467516899109, 'learning_rate': 9.725239616613418e-05, 'num_tokens': 7687673.0, 'mean_token_accuracy': 0.5956177659332752, 'epoch': 1.03}                                        
{'loss': 1.634, 'grad_norm': 0.7050223350524902, 'learning_rate': 9.661341853035144e-05, 'num_tokens': 7735843.0, 'mean_token_accuracy': 0.6076472502201795, 'epoch': 1.03}                                         
{'loss': 1.714, 'grad_norm': 0.7080771327018738, 'learning_rate': 9.59744408945687e-05, 'num_tokens': 7785472.0, 'mean_token_accuracy': 0.5891461215913296, 'epoch': 1.04}                                          
{'loss': 1.726, 'grad_norm': 0.6561499238014221, 'learning_rate': 9.533546325878595e-05, 'num_tokens': 7829299.0, 'mean_token_accuracy': 0.5837582603096962, 'epoch': 1.05}                                         
{'loss': 1.7779, 'grad_norm': 0.5815594792366028, 'learning_rate': 9.46964856230032e-05, 'num_tokens': 7875120.0, 'mean_token_accuracy': 0.5776160292327404, 'epoch': 1.05}                                         
{'loss': 1.649, 'grad_norm': 0.8423631191253662, 'learning_rate': 9.405750798722046e-05, 'num_tokens': 7921569.0, 'mean_token_accuracy': 0.5942443087697029, 'epoch': 1.06}                                         
{'loss': 1.7863, 'grad_norm': 0.6484645009040833, 'learning_rate': 9.34185303514377e-05, 'num_tokens': 7969839.0, 'mean_token_accuracy': 0.5821078035980463, 'epoch': 1.07}                                         
{'loss': 1.7133, 'grad_norm': 0.5897024869918823, 'learning_rate': 9.277955271565496e-05, 'num_tokens': 8017805.0, 'mean_token_accuracy': 0.5911660328507423, 'epoch': 1.07}                                        
{'loss': 1.6924, 'grad_norm': 0.7234185338020325, 'learning_rate': 9.21405750798722e-05, 'num_tokens': 8067865.0, 'mean_token_accuracy': 0.5927542474120855, 'epoch': 1.08}                                         
{'loss': 1.7614, 'grad_norm': 0.6984753012657166, 'learning_rate': 9.150159744408946e-05, 'num_tokens': 8112880.0, 'mean_token_accuracy': 0.5860685911029577, 'epoch': 1.09}                                        
{'loss': 1.7037, 'grad_norm': 0.5616660118103027, 'learning_rate': 9.086261980830671e-05, 'num_tokens': 8162781.0, 'mean_token_accuracy': 0.5834976349025964, 'epoch': 1.09}                                        
{'loss': 1.7876, 'grad_norm': 0.7266717553138733, 'learning_rate': 9.022364217252397e-05, 'num_tokens': 8208053.0, 'mean_token_accuracy': 0.582006859779358, 'epoch': 1.1}                                          
{'loss': 1.7315, 'grad_norm': 0.6152414679527283, 'learning_rate': 8.958466453674122e-05, 'num_tokens': 8256181.0, 'mean_token_accuracy': 0.5869245916604996, 'epoch': 1.1}                                         
{'loss': 1.7355, 'grad_norm': 0.8934062123298645, 'learning_rate': 8.894568690095847e-05, 'num_tokens': 8301220.0, 'mean_token_accuracy': 0.5896972887217998, 'epoch': 1.11}                                        
{'loss': 1.7072, 'grad_norm': 0.6527930498123169, 'learning_rate': 8.830670926517573e-05, 'num_tokens': 8349404.0, 'mean_token_accuracy': 0.5864160288125276, 'epoch': 1.12}                                        
{'loss': 1.7156, 'grad_norm': 0.6534921526908875, 'learning_rate': 8.766773162939297e-05, 'num_tokens': 8397515.0, 'mean_token_accuracy': 0.5918327908962965, 'epoch': 1.12}                                        
{'loss': 1.7447, 'grad_norm': 0.7850576043128967, 'learning_rate': 8.702875399361022e-05, 'num_tokens': 8447390.0, 'mean_token_accuracy': 0.5841578222811222, 'epoch': 1.13}                                        
{'loss': 1.7456, 'grad_norm': 0.6849424242973328, 'learning_rate': 8.638977635782747e-05, 'num_tokens': 8497559.0, 'mean_token_accuracy': 0.5903048325330019, 'epoch': 1.14}                                        
{'loss': 1.7039, 'grad_norm': 0.7371105551719666, 'learning_rate': 8.575079872204473e-05, 'num_tokens': 8545977.0, 'mean_token_accuracy': 0.5957826249301433, 'epoch': 1.14}                                        
{'loss': 1.7026, 'grad_norm': 0.7247295379638672, 'learning_rate': 8.511182108626199e-05, 'num_tokens': 8599522.0, 'mean_token_accuracy': 0.596557229012251, 'epoch': 1.15}                                         
{'loss': 1.6444, 'grad_norm': 0.6278501152992249, 'learning_rate': 8.447284345047923e-05, 'num_tokens': 8651390.0, 'mean_token_accuracy': 0.5970996953547001, 'epoch': 1.16}                                        
{'loss': 1.702, 'grad_norm': 0.7023361325263977, 'learning_rate': 8.383386581469649e-05, 'num_tokens': 8700141.0, 'mean_token_accuracy': 0.5979896478354931, 'epoch': 1.16}                                         
{'loss': 1.659, 'grad_norm': 0.7284832000732422, 'learning_rate': 8.319488817891375e-05, 'num_tokens': 8746752.0, 'mean_token_accuracy': 0.5965502835810185, 'epoch': 1.17}                                         
{'loss': 1.7208, 'grad_norm': 0.6735609769821167, 'learning_rate': 8.2555910543131e-05, 'num_tokens': 8793410.0, 'mean_token_accuracy': 0.5836751952767372, 'epoch': 1.18}                                          
{'loss': 1.7706, 'grad_norm': 0.6991777420043945, 'learning_rate': 8.191693290734825e-05, 'num_tokens': 8840666.0, 'mean_token_accuracy': 0.5780345138162375, 'epoch': 1.18}                                        
{'loss': 1.7183, 'grad_norm': 0.7801794409751892, 'learning_rate': 8.127795527156549e-05, 'num_tokens': 8892195.0, 'mean_token_accuracy': 0.5932469319552183, 'epoch': 1.19}                                        
{'loss': 1.7071, 'grad_norm': 0.6560449004173279, 'learning_rate': 8.063897763578275e-05, 'num_tokens': 8947280.0, 'mean_token_accuracy': 0.5866275895386934, 'epoch': 1.19}                                        
{'loss': 1.7122, 'grad_norm': 0.7969965934753418, 'learning_rate': 8e-05, 'num_tokens': 8997454.0, 'mean_token_accuracy': 0.5883135069161654, 'epoch': 1.2}                                                         
{'loss': 1.751, 'grad_norm': 0.7529180645942688, 'learning_rate': 7.936102236421725e-05, 'num_tokens': 9043614.0, 'mean_token_accuracy': 0.5856858905404806, 'epoch': 1.21}                                         
{'loss': 1.7788, 'grad_norm': 0.6776123642921448, 'learning_rate': 7.872204472843451e-05, 'num_tokens': 9092594.0, 'mean_token_accuracy': 0.5794465135782957, 'epoch': 1.21}                                        
{'loss': 1.6525, 'grad_norm': 0.6464262008666992, 'learning_rate': 7.808306709265176e-05, 'num_tokens': 9146885.0, 'mean_token_accuracy': 0.5932987783104181, 'epoch': 1.22}                                        
{'loss': 1.7046, 'grad_norm': 0.581519365310669, 'learning_rate': 7.744408945686902e-05, 'num_tokens': 9194849.0, 'mean_token_accuracy': 0.590216564759612, 'epoch': 1.23}                                          
{'loss': 1.7361, 'grad_norm': 0.6217178702354431, 'learning_rate': 7.680511182108627e-05, 'num_tokens': 9243588.0, 'mean_token_accuracy': 0.5929744582623243, 'epoch': 1.23}                                        
{'loss': 1.6683, 'grad_norm': 0.7285670042037964, 'learning_rate': 7.616613418530352e-05, 'num_tokens': 9293924.0, 'mean_token_accuracy': 0.6046983309090137, 'epoch': 1.24}                                        
{'loss': 1.7044, 'grad_norm': 0.8403735756874084, 'learning_rate': 7.552715654952077e-05, 'num_tokens': 9339628.0, 'mean_token_accuracy': 0.5975664623081685, 'epoch': 1.25}                                        
{'loss': 1.8104, 'grad_norm': 0.6817268133163452, 'learning_rate': 7.488817891373802e-05, 'num_tokens': 9388751.0, 'mean_token_accuracy': 0.571377070620656, 'epoch': 1.25}                                         
{'loss': 1.7929, 'grad_norm': 0.7456438541412354, 'learning_rate': 7.424920127795527e-05, 'num_tokens': 9436955.0, 'mean_token_accuracy': 0.576919487118721, 'epoch': 1.26}                                         
{'loss': 1.7962, 'grad_norm': 0.8642138242721558, 'learning_rate': 7.361022364217252e-05, 'num_tokens': 9480455.0, 'mean_token_accuracy': 0.5767857305705547, 'epoch': 1.26}                                        
{'loss': 1.6964, 'grad_norm': 0.7590053081512451, 'learning_rate': 7.297124600638978e-05, 'num_tokens': 9527458.0, 'mean_token_accuracy': 0.5920806095004082, 'epoch': 1.27}                                        
{'loss': 1.6039, 'grad_norm': 0.7226028442382812, 'learning_rate': 7.233226837060704e-05, 'num_tokens': 9573514.0, 'mean_token_accuracy': 0.6140388920903206, 'epoch': 1.28}                                        
{'loss': 1.7683, 'grad_norm': 0.7477078437805176, 'learning_rate': 7.169329073482428e-05, 'num_tokens': 9615017.0, 'mean_token_accuracy': 0.5842305604368448, 'epoch': 1.28}                                        
{'loss': 1.6697, 'grad_norm': 0.6186097860336304, 'learning_rate': 7.105431309904154e-05, 'num_tokens': 9665656.0, 'mean_token_accuracy': 0.5950236361473799, 'epoch': 1.29}                                        
{'loss': 1.6223, 'grad_norm': 0.91208815574646, 'learning_rate': 7.04153354632588e-05, 'num_tokens': 9711057.0, 'mean_token_accuracy': 0.6056664705276489, 'epoch': 1.3}                                            
{'loss': 1.6879, 'grad_norm': 0.5894953012466431, 'learning_rate': 6.977635782747604e-05, 'num_tokens': 9758610.0, 'mean_token_accuracy': 0.595891684666276, 'epoch': 1.3}                                          
{'loss': 1.6201, 'grad_norm': 0.6296256184577942, 'learning_rate': 6.913738019169329e-05, 'num_tokens': 9808607.0, 'mean_token_accuracy': 0.5965827833861113, 'epoch': 1.31}                                        
{'loss': 1.6845, 'grad_norm': 0.7990114092826843, 'learning_rate': 6.849840255591054e-05, 'num_tokens': 9854529.0, 'mean_token_accuracy': 0.5927884563803673, 'epoch': 1.32}                                        
{'loss': 1.7274, 'grad_norm': 0.9079212546348572, 'learning_rate': 6.78594249201278e-05, 'num_tokens': 9906696.0, 'mean_token_accuracy': 0.5939959418028593, 'epoch': 1.32}                                         
{'loss': 1.6486, 'grad_norm': 0.7743666172027588, 'learning_rate': 6.722044728434506e-05, 'num_tokens': 9959502.0, 'mean_token_accuracy': 0.5958083625882864, 'epoch': 1.33}                                        
{'loss': 1.6871, 'grad_norm': 0.6486303210258484, 'learning_rate': 6.65814696485623e-05, 'num_tokens': 10012930.0, 'mean_token_accuracy': 0.5944386836141348, 'epoch': 1.33}                                        
{'loss': 1.6078, 'grad_norm': 0.9112390875816345, 'learning_rate': 6.594249201277956e-05, 'num_tokens': 10062353.0, 'mean_token_accuracy': 0.610088748857379, 'epoch': 1.34}                                        
{'loss': 1.7639, 'grad_norm': 0.9793862700462341, 'learning_rate': 6.530351437699682e-05, 'num_tokens': 10101392.0, 'mean_token_accuracy': 0.5841259893029929, 'epoch': 1.35}                                       
{'loss': 1.7348, 'grad_norm': 0.6266589760780334, 'learning_rate': 6.466453674121407e-05, 'num_tokens': 10145739.0, 'mean_token_accuracy': 0.5869649734348059, 'epoch': 1.35}                                       
{'loss': 1.6435, 'grad_norm': 0.86497563123703, 'learning_rate': 6.402555910543132e-05, 'num_tokens': 10193656.0, 'mean_token_accuracy': 0.6001689843833447, 'epoch': 1.36}                                         
{'loss': 1.7626, 'grad_norm': 0.6919713020324707, 'learning_rate': 6.338658146964856e-05, 'num_tokens': 10239542.0, 'mean_token_accuracy': 0.5851258251816034, 'epoch': 1.37}                                       
{'loss': 1.7353, 'grad_norm': 1.046105146408081, 'learning_rate': 6.274760383386582e-05, 'num_tokens': 10281739.0, 'mean_token_accuracy': 0.5922320298850536, 'epoch': 1.37}                                        
{'loss': 1.6919, 'grad_norm': 0.6710249185562134, 'learning_rate': 6.210862619808307e-05, 'num_tokens': 10327574.0, 'mean_token_accuracy': 0.5938339225947857, 'epoch': 1.38}                                       
{'loss': 1.7105, 'grad_norm': 0.8604695796966553, 'learning_rate': 6.146964856230032e-05, 'num_tokens': 10370807.0, 'mean_token_accuracy': 0.599061232805252, 'epoch': 1.39}                                        
{'loss': 1.729, 'grad_norm': 0.7108064293861389, 'learning_rate': 6.0830670926517575e-05, 'num_tokens': 10420612.0, 'mean_token_accuracy': 0.5865666955709458, 'epoch': 1.39}                                       
{'loss': 1.7168, 'grad_norm': 0.7900839447975159, 'learning_rate': 6.019169329073483e-05, 'num_tokens': 10463951.0, 'mean_token_accuracy': 0.5849748115986586, 'epoch': 1.4}                                        
{'loss': 1.7602, 'grad_norm': 0.6731917858123779, 'learning_rate': 5.955271565495208e-05, 'num_tokens': 10517805.0, 'mean_token_accuracy': 0.5834786895662546, 'epoch': 1.4}                                        
{'loss': 1.7374, 'grad_norm': 0.677821695804596, 'learning_rate': 5.891373801916933e-05, 'num_tokens': 10570080.0, 'mean_token_accuracy': 0.5824589297175408, 'epoch': 1.41}                                        
{'loss': 1.6702, 'grad_norm': 0.7062278985977173, 'learning_rate': 5.8274760383386584e-05, 'num_tokens': 10615620.0, 'mean_token_accuracy': 0.5971435409039259, 'epoch': 1.42}                                      
{'loss': 1.6763, 'grad_norm': 0.769533097743988, 'learning_rate': 5.763578274760384e-05, 'num_tokens': 10663570.0, 'mean_token_accuracy': 0.5928328089416027, 'epoch': 1.42}                                        
{'loss': 1.6821, 'grad_norm': 0.8088802695274353, 'learning_rate': 5.699680511182109e-05, 'num_tokens': 10714066.0, 'mean_token_accuracy': 0.5962633315473795, 'epoch': 1.43}                                       
{'loss': 1.7285, 'grad_norm': 0.8004980683326721, 'learning_rate': 5.6357827476038335e-05, 'num_tokens': 10764739.0, 'mean_token_accuracy': 0.582259638234973, 'epoch': 1.44}                                       
{'loss': 1.643, 'grad_norm': 0.8753429651260376, 'learning_rate': 5.571884984025559e-05, 'num_tokens': 10810489.0, 'mean_token_accuracy': 0.603179506585002, 'epoch': 1.44}                                         
{'loss': 1.6281, 'grad_norm': 0.7790425419807434, 'learning_rate': 5.507987220447285e-05, 'num_tokens': 10860665.0, 'mean_token_accuracy': 0.6008804686367512, 'epoch': 1.45}                                       
{'loss': 1.7831, 'grad_norm': 0.6471179127693176, 'learning_rate': 5.444089456869011e-05, 'num_tokens': 10906789.0, 'mean_token_accuracy': 0.5770677793771029, 'epoch': 1.46}                                       
{'loss': 1.6597, 'grad_norm': 0.8865451216697693, 'learning_rate': 5.380191693290735e-05, 'num_tokens': 10951478.0, 'mean_token_accuracy': 0.6055853374302387, 'epoch': 1.46}                                       
{'loss': 1.6545, 'grad_norm': 0.8302335739135742, 'learning_rate': 5.31629392971246e-05, 'num_tokens': 10996930.0, 'mean_token_accuracy': 0.6056776627898216, 'epoch': 1.47}                                        
{'loss': 1.7709, 'grad_norm': 1.130448579788208, 'learning_rate': 5.252396166134186e-05, 'num_tokens': 11040081.0, 'mean_token_accuracy': 0.5832390677183866, 'epoch': 1.48}                                        
{'loss': 1.677, 'grad_norm': 0.8480388522148132, 'learning_rate': 5.18849840255591e-05, 'num_tokens': 11087663.0, 'mean_token_accuracy': 0.5987259902060031, 'epoch': 1.48}                                         
{'loss': 1.8195, 'grad_norm': 0.7418299317359924, 'learning_rate': 5.124600638977636e-05, 'num_tokens': 11133416.0, 'mean_token_accuracy': 0.5746560733765363, 'epoch': 1.49}                                       
{'loss': 1.7099, 'grad_norm': 0.9587014317512512, 'learning_rate': 5.060702875399361e-05, 'num_tokens': 11184500.0, 'mean_token_accuracy': 0.5905987251549959, 'epoch': 1.49}                                       
{'loss': 1.6684, 'grad_norm': 0.7613081932067871, 'learning_rate': 4.996805111821086e-05, 'num_tokens': 11237320.0, 'mean_token_accuracy': 0.5982620947062969, 'epoch': 1.5}                                        
{'loss': 1.6843, 'grad_norm': 0.6891412138938904, 'learning_rate': 4.932907348242812e-05, 'num_tokens': 11285294.0, 'mean_token_accuracy': 0.586696682870388, 'epoch': 1.51}                                        
{'loss': 1.7352, 'grad_norm': 0.8218014240264893, 'learning_rate': 4.869009584664537e-05, 'num_tokens': 11331087.0, 'mean_token_accuracy': 0.5854090090841055, 'epoch': 1.51}                                       
{'loss': 1.7268, 'grad_norm': 0.7026042938232422, 'learning_rate': 4.8051118210862626e-05, 'num_tokens': 11380430.0, 'mean_token_accuracy': 0.5949151817709207, 'epoch': 1.52}                                      
{'loss': 1.7277, 'grad_norm': 1.1465888023376465, 'learning_rate': 4.741214057507987e-05, 'num_tokens': 11426190.0, 'mean_token_accuracy': 0.5961348533630371, 'epoch': 1.53}                                       
{'loss': 1.7859, 'grad_norm': 0.8603038787841797, 'learning_rate': 4.6773162939297126e-05, 'num_tokens': 11467906.0, 'mean_token_accuracy': 0.5838130053132773, 'epoch': 1.53}                                      
{'loss': 1.7597, 'grad_norm': 0.8469037413597107, 'learning_rate': 4.613418530351438e-05, 'num_tokens': 11518630.0, 'mean_token_accuracy': 0.5824733212590217, 'epoch': 1.54}                                       
{'loss': 1.6831, 'grad_norm': 0.8799271583557129, 'learning_rate': 4.5495207667731634e-05, 'num_tokens': 11567369.0, 'mean_token_accuracy': 0.5957234967499971, 'epoch': 1.55}                                      
{'loss': 1.7111, 'grad_norm': 0.7898110747337341, 'learning_rate': 4.4856230031948885e-05, 'num_tokens': 11616303.0, 'mean_token_accuracy': 0.5940880600363017, 'epoch': 1.55}                                      
{'loss': 1.634, 'grad_norm': 0.8388314247131348, 'learning_rate': 4.4217252396166135e-05, 'num_tokens': 11665654.0, 'mean_token_accuracy': 0.6147438164800405, 'epoch': 1.56}                                       
{'loss': 1.6673, 'grad_norm': 0.8307033181190491, 'learning_rate': 4.3578274760383386e-05, 'num_tokens': 11710830.0, 'mean_token_accuracy': 0.6041687428951263, 'epoch': 1.56}                                      
{'loss': 1.6227, 'grad_norm': 1.1800999641418457, 'learning_rate': 4.293929712460064e-05, 'num_tokens': 11762001.0, 'mean_token_accuracy': 0.6036535184830427, 'epoch': 1.57}                                       
{'loss': 1.7207, 'grad_norm': 0.7227537631988525, 'learning_rate': 4.2300319488817893e-05, 'num_tokens': 11809406.0, 'mean_token_accuracy': 0.5863569099456072, 'epoch': 1.58}                                      
{'loss': 1.7658, 'grad_norm': 0.8748651146888733, 'learning_rate': 4.1661341853035144e-05, 'num_tokens': 11855793.0, 'mean_token_accuracy': 0.58619274944067, 'epoch': 1.58}                                        
{'loss': 1.689, 'grad_norm': 0.8326548337936401, 'learning_rate': 4.1022364217252394e-05, 'num_tokens': 11906932.0, 'mean_token_accuracy': 0.5994204901158809, 'epoch': 1.59}                                       
{'loss': 1.6515, 'grad_norm': 0.7498874664306641, 'learning_rate': 4.038338658146965e-05, 'num_tokens': 11952010.0, 'mean_token_accuracy': 0.59997574724257, 'epoch': 1.6}                                          
{'loss': 1.6409, 'grad_norm': 0.6195471286773682, 'learning_rate': 3.97444089456869e-05, 'num_tokens': 11997642.0, 'mean_token_accuracy': 0.6032459747046233, 'epoch': 1.6}                                         
{'loss': 1.6101, 'grad_norm': 0.7728363871574402, 'learning_rate': 3.910543130990415e-05, 'num_tokens': 12049909.0, 'mean_token_accuracy': 0.6143038380891085, 'epoch': 1.61}                                       
{'loss': 1.6441, 'grad_norm': 1.1548559665679932, 'learning_rate': 3.84664536741214e-05, 'num_tokens': 12094169.0, 'mean_token_accuracy': 0.6023328181356191, 'epoch': 1.62}                                        
{'loss': 1.6365, 'grad_norm': 0.7443181872367859, 'learning_rate': 3.782747603833866e-05, 'num_tokens': 12144829.0, 'mean_token_accuracy': 0.6024833556264639, 'epoch': 1.62}                                       
{'loss': 1.6752, 'grad_norm': 1.1936396360397339, 'learning_rate': 3.718849840255591e-05, 'num_tokens': 12194263.0, 'mean_token_accuracy': 0.5913955457508564, 'epoch': 1.63}                                       
{'loss': 1.6266, 'grad_norm': 0.9066705107688904, 'learning_rate': 3.654952076677317e-05, 'num_tokens': 12240006.0, 'mean_token_accuracy': 0.6053561631590128, 'epoch': 1.63}                                       
{'loss': 1.7525, 'grad_norm': 1.0889971256256104, 'learning_rate': 3.591054313099041e-05, 'num_tokens': 12288299.0, 'mean_token_accuracy': 0.5872963182628155, 'epoch': 1.64}                                       
{'loss': 1.7243, 'grad_norm': 0.9949986338615417, 'learning_rate': 3.527156549520767e-05, 'num_tokens': 12336900.0, 'mean_token_accuracy': 0.5949334979057312, 'epoch': 1.65}                                       
{'loss': 1.6412, 'grad_norm': 0.9397033452987671, 'learning_rate': 3.463258785942492e-05, 'num_tokens': 12383774.0, 'mean_token_accuracy': 0.6034381646662951, 'epoch': 1.65}                                       
{'loss': 1.6125, 'grad_norm': 0.8638667464256287, 'learning_rate': 3.399361022364218e-05, 'num_tokens': 12431195.0, 'mean_token_accuracy': 0.6133282795548439, 'epoch': 1.66}                                       
{'loss': 1.7309, 'grad_norm': 0.9868621826171875, 'learning_rate': 3.335463258785943e-05, 'num_tokens': 12473387.0, 'mean_token_accuracy': 0.5871407944709063, 'epoch': 1.67}                                       
{'loss': 1.5715, 'grad_norm': 0.7723873257637024, 'learning_rate': 3.271565495207668e-05, 'num_tokens': 12522362.0, 'mean_token_accuracy': 0.6118602868169546, 'epoch': 1.67}                                       
{'loss': 1.6671, 'grad_norm': 0.7693955898284912, 'learning_rate': 3.207667731629393e-05, 'num_tokens': 12566812.0, 'mean_token_accuracy': 0.5980239864438772, 'epoch': 1.68}                                       
{'loss': 1.6471, 'grad_norm': 0.8174321055412292, 'learning_rate': 3.1437699680511185e-05, 'num_tokens': 12616451.0, 'mean_token_accuracy': 0.601620065048337, 'epoch': 1.69}                                       
{'loss': 1.7362, 'grad_norm': 0.8448262810707092, 'learning_rate': 3.0798722044728436e-05, 'num_tokens': 12664367.0, 'mean_token_accuracy': 0.5893779277801514, 'epoch': 1.69}                                      
{'loss': 1.723, 'grad_norm': 0.8434501886367798, 'learning_rate': 3.015974440894569e-05, 'num_tokens': 12719057.0, 'mean_token_accuracy': 0.5855030562728644, 'epoch': 1.7}                                         
{'loss': 1.6103, 'grad_norm': 0.940615177154541, 'learning_rate': 2.952076677316294e-05, 'num_tokens': 12766261.0, 'mean_token_accuracy': 0.609373900666833, 'epoch': 1.71}                                         
{'loss': 1.6498, 'grad_norm': 0.9006441235542297, 'learning_rate': 2.8881789137380194e-05, 'num_tokens': 12814404.0, 'mean_token_accuracy': 0.6087943408638239, 'epoch': 1.71}                                      
{'loss': 1.6515, 'grad_norm': 0.9554618000984192, 'learning_rate': 2.8242811501597445e-05, 'num_tokens': 12862868.0, 'mean_token_accuracy': 0.6010466929525137, 'epoch': 1.72}                                      
{'loss': 1.6678, 'grad_norm': 0.7897588610649109, 'learning_rate': 2.76038338658147e-05, 'num_tokens': 12906112.0, 'mean_token_accuracy': 0.6051088150590658, 'epoch': 1.72}                                        
{'loss': 1.5863, 'grad_norm': 0.9036906361579895, 'learning_rate': 2.696485623003195e-05, 'num_tokens': 12952856.0, 'mean_token_accuracy': 0.604252104088664, 'epoch': 1.73}                                        
{'loss': 1.717, 'grad_norm': 0.9130041003227234, 'learning_rate': 2.6325878594249203e-05, 'num_tokens': 13003913.0, 'mean_token_accuracy': 0.6004295706748962, 'epoch': 1.74}                                       
{'loss': 1.6101, 'grad_norm': 0.7549402713775635, 'learning_rate': 2.5686900958466453e-05, 'num_tokens': 13050762.0, 'mean_token_accuracy': 0.6077285047620535, 'epoch': 1.74}                                      
{'loss': 1.6353, 'grad_norm': 0.8825499415397644, 'learning_rate': 2.5047923322683707e-05, 'num_tokens': 13097561.0, 'mean_token_accuracy': 0.6051141295582056, 'epoch': 1.75}                                      
{'loss': 1.6495, 'grad_norm': 0.9227244257926941, 'learning_rate': 2.440894568690096e-05, 'num_tokens': 13138680.0, 'mean_token_accuracy': 0.609018386900425, 'epoch': 1.76}                                        
{'loss': 1.6353, 'grad_norm': 0.7663777470588684, 'learning_rate': 2.376996805111821e-05, 'num_tokens': 13189178.0, 'mean_token_accuracy': 0.6034596309065818, 'epoch': 1.76}                                       
{'loss': 1.6619, 'grad_norm': 0.8302760124206543, 'learning_rate': 2.3130990415335465e-05, 'num_tokens': 13234852.0, 'mean_token_accuracy': 0.6068206310272217, 'epoch': 1.77}                                      
{'loss': 1.6219, 'grad_norm': 0.9198266863822937, 'learning_rate': 2.249201277955272e-05, 'num_tokens': 13279490.0, 'mean_token_accuracy': 0.6154867384582758, 'epoch': 1.78}                                       
{'loss': 1.6844, 'grad_norm': 0.8790821433067322, 'learning_rate': 2.185303514376997e-05, 'num_tokens': 13324786.0, 'mean_token_accuracy': 0.598491233214736, 'epoch': 1.78}                                        
{'loss': 1.691, 'grad_norm': 0.7549290657043457, 'learning_rate': 2.1214057507987224e-05, 'num_tokens': 13375551.0, 'mean_token_accuracy': 0.5928254157304764, 'epoch': 1.79}                                       
{'loss': 1.6618, 'grad_norm': 0.9518541693687439, 'learning_rate': 2.0575079872204474e-05, 'num_tokens': 13424678.0, 'mean_token_accuracy': 0.605983317270875, 'epoch': 1.79}                                       
{'loss': 1.6219, 'grad_norm': 0.9203037619590759, 'learning_rate': 1.9936102236421725e-05, 'num_tokens': 13474936.0, 'mean_token_accuracy': 0.6045312091708184, 'epoch': 1.8}                                       
{'loss': 1.6964, 'grad_norm': 0.903020441532135, 'learning_rate': 1.929712460063898e-05, 'num_tokens': 13523702.0, 'mean_token_accuracy': 0.6007398530840874, 'epoch': 1.81}                                        
{'loss': 1.6726, 'grad_norm': 0.9953087568283081, 'learning_rate': 1.865814696485623e-05, 'num_tokens': 13566816.0, 'mean_token_accuracy': 0.5963234852999448, 'epoch': 1.81}                                       
{'loss': 1.5829, 'grad_norm': 0.8046576380729675, 'learning_rate': 1.8019169329073483e-05, 'num_tokens': 13613697.0, 'mean_token_accuracy': 0.6229434736073017, 'epoch': 1.82}                                      
{'loss': 1.5871, 'grad_norm': 0.8458001017570496, 'learning_rate': 1.7380191693290733e-05, 'num_tokens': 13665951.0, 'mean_token_accuracy': 0.6118186168372631, 'epoch': 1.83}                                      
{'loss': 1.5746, 'grad_norm': 0.8332964181900024, 'learning_rate': 1.6741214057507987e-05, 'num_tokens': 13717978.0, 'mean_token_accuracy': 0.6112161003053188, 'epoch': 1.83}                                      
{'loss': 1.6302, 'grad_norm': 0.9499830007553101, 'learning_rate': 1.6102236421725238e-05, 'num_tokens': 13762985.0, 'mean_token_accuracy': 0.6114580176770688, 'epoch': 1.84}                                      
{'loss': 1.6621, 'grad_norm': 0.753627359867096, 'learning_rate': 1.546325878594249e-05, 'num_tokens': 13810780.0, 'mean_token_accuracy': 0.5982046704739332, 'epoch': 1.85}                                        
{'loss': 1.6549, 'grad_norm': 0.7638025283813477, 'learning_rate': 1.4824281150159744e-05, 'num_tokens': 13860077.0, 'mean_token_accuracy': 0.6038900159299374, 'epoch': 1.85}                                      
{'loss': 1.584, 'grad_norm': 0.900973379611969, 'learning_rate': 1.4185303514376996e-05, 'num_tokens': 13906573.0, 'mean_token_accuracy': 0.6157916247844696, 'epoch': 1.86}                                        
{'loss': 1.7459, 'grad_norm': 0.957023561000824, 'learning_rate': 1.3546325878594248e-05, 'num_tokens': 13953834.0, 'mean_token_accuracy': 0.5864854991436005, 'epoch': 1.86}                                       
{'loss': 1.7474, 'grad_norm': 1.0432658195495605, 'learning_rate': 1.29073482428115e-05, 'num_tokens': 14001447.0, 'mean_token_accuracy': 0.5822311822324991, 'epoch': 1.87}                                        
{'loss': 1.6558, 'grad_norm': 0.9052731990814209, 'learning_rate': 1.2268370607028754e-05, 'num_tokens': 14046358.0, 'mean_token_accuracy': 0.5989003274589777, 'epoch': 1.88}                                      
{'loss': 1.6868, 'grad_norm': 0.8649741411209106, 'learning_rate': 1.1629392971246008e-05, 'num_tokens': 14095535.0, 'mean_token_accuracy': 0.5957085531204939, 'epoch': 1.88}                                      
{'loss': 1.6264, 'grad_norm': 0.8910761475563049, 'learning_rate': 1.099041533546326e-05, 'num_tokens': 14142091.0, 'mean_token_accuracy': 0.5979884441941976, 'epoch': 1.89}                                       
{'loss': 1.6947, 'grad_norm': 0.7388131618499756, 'learning_rate': 1.0351437699680512e-05, 'num_tokens': 14186836.0, 'mean_token_accuracy': 0.6024433292448521, 'epoch': 1.9}                                       
{'loss': 1.6368, 'grad_norm': 0.9043176174163818, 'learning_rate': 9.712460063897765e-06, 'num_tokens': 14233648.0, 'mean_token_accuracy': 0.6004586238414049, 'epoch': 1.9}                                        
{'loss': 1.6997, 'grad_norm': 0.8041648268699646, 'learning_rate': 9.073482428115017e-06, 'num_tokens': 14277134.0, 'mean_token_accuracy': 0.5960430696606636, 'epoch': 1.91}                                       
{'loss': 1.715, 'grad_norm': 1.0276679992675781, 'learning_rate': 8.434504792332269e-06, 'num_tokens': 14325019.0, 'mean_token_accuracy': 0.5921455312520265, 'epoch': 1.92}                                        
{'loss': 1.6702, 'grad_norm': 1.0031129121780396, 'learning_rate': 7.795527156549521e-06, 'num_tokens': 14371736.0, 'mean_token_accuracy': 0.5950969811528921, 'epoch': 1.92}                                       
{'loss': 1.6788, 'grad_norm': 1.054189682006836, 'learning_rate': 7.156549520766774e-06, 'num_tokens': 14420753.0, 'mean_token_accuracy': 0.5936869204044342, 'epoch': 1.93}                                        
{'loss': 1.6858, 'grad_norm': 0.9984959959983826, 'learning_rate': 6.517571884984026e-06, 'num_tokens': 14469023.0, 'mean_token_accuracy': 0.5956609960645437, 'epoch': 1.94}                                       
{'loss': 1.6547, 'grad_norm': 0.9571830034255981, 'learning_rate': 5.8785942492012785e-06, 'num_tokens': 14519321.0, 'mean_token_accuracy': 0.6028372123837471, 'epoch': 1.94}                                      
{'loss': 1.6521, 'grad_norm': 0.8253847360610962, 'learning_rate': 5.239616613418531e-06, 'num_tokens': 14573979.0, 'mean_token_accuracy': 0.5972798716276884, 'epoch': 1.95}                                       
{'loss': 1.6422, 'grad_norm': 0.7798265814781189, 'learning_rate': 4.600638977635783e-06, 'num_tokens': 14624018.0, 'mean_token_accuracy': 0.5941653117537499, 'epoch': 1.95}                                       
{'loss': 1.5977, 'grad_norm': 0.8547418713569641, 'learning_rate': 3.961661341853035e-06, 'num_tokens': 14673068.0, 'mean_token_accuracy': 0.6091301936656237, 'epoch': 1.96}                                       
{'loss': 1.6112, 'grad_norm': 1.089319109916687, 'learning_rate': 3.3226837060702876e-06, 'num_tokens': 14714457.0, 'mean_token_accuracy': 0.6138029355555773, 'epoch': 1.97}                                       
{'loss': 1.6562, 'grad_norm': 0.8483722805976868, 'learning_rate': 2.68370607028754e-06, 'num_tokens': 14765214.0, 'mean_token_accuracy': 0.6011508326977492, 'epoch': 1.97}                                        
{'loss': 1.605, 'grad_norm': 0.727942168712616, 'learning_rate': 2.0447284345047924e-06, 'num_tokens': 14816508.0, 'mean_token_accuracy': 0.6148452095687389, 'epoch': 1.98}                                        
{'loss': 1.6515, 'grad_norm': 0.8694278597831726, 'learning_rate': 1.405750798722045e-06, 'num_tokens': 14865645.0, 'mean_token_accuracy': 0.5999535627663135, 'epoch': 1.99}                                       
{'loss': 1.6306, 'grad_norm': 0.7400763630867004, 'learning_rate': 7.667731629392971e-07, 'num_tokens': 14912592.0, 'mean_token_accuracy': 0.6067022502422332, 'epoch': 1.99}                                       
{'loss': 1.6453, 'grad_norm': 0.9610006809234619, 'learning_rate': 1.2779552715654952e-07, 'num_tokens': 14958975.0, 'mean_token_accuracy': 0.6017324160784483, 'epoch': 2.0}                                       
{'eval_loss': 1.7000590562820435, 'eval_runtime': 233.4068, 'eval_samples_per_second': 5.651, 'eval_steps_per_second': 0.707, 'eval_num_tokens': 14958975.0, 'eval_mean_token_accuracy': 0.6045247825709257, 'epoch': 2.0}                                                                                                                                                                                                              
{'train_runtime': 15487.3711, 'train_samples_per_second': 3.235, 'train_steps_per_second': 0.202, 'train_loss': 1.8005438966111253, 'epoch': 2.0}   